This is pdfTeX, Version 3.141592653-2.6-1.40.25 (TeX Live 2023/Debian) (preloaded format=pdflatex)
 restricted \write18 enabled.
entering extended mode
(./relatorio_final.tex
LaTeX2e <2023-11-01> patch level 1
L3 programming layer <2024-01-22>
(/usr/share/texlive/texmf-dist/tex/latex/base/article.cls
Document Class: article 2023/05/17 v1.4n Standard LaTeX document class
(/usr/share/texlive/texmf-dist/tex/latex/base/size12.clo)) (./sbc-template.sty
(/usr/share/texlive/texmf-dist/tex/latex/geometry/geometry.sty
(/usr/share/texlive/texmf-dist/tex/latex/graphics/keyval.sty)
(/usr/share/texlive/texmf-dist/tex/generic/iftex/ifvtex.sty
(/usr/share/texlive/texmf-dist/tex/generic/iftex/iftex.sty)))
(/usr/share/texlive/texmf-dist/tex/latex/psnfss/times.sty)
(/usr/share/texlive/texmf-dist/tex/latex/base/fontenc.sty
(/usr/share/texlive/texmf-dist/tex/latex/psnfss/t1ptm.fd))
(/usr/share/texlive/texmf-dist/tex/latex/cite/cite.sty)
(/usr/share/texlive/texmf-dist/tex/latex/titlesec/titlesec.sty)
(/usr/share/texlive/texmf-dist/tex/latex/caption/caption.sty
(/usr/share/texlive/texmf-dist/tex/latex/caption/caption3.sty)))
(/usr/share/texlive/texmf-dist/tex/latex/graphics/graphicx.sty
(/usr/share/texlive/texmf-dist/tex/latex/graphics/graphics.sty
(/usr/share/texlive/texmf-dist/tex/latex/graphics/trig.sty)
(/usr/share/texlive/texmf-dist/tex/latex/graphics-cfg/graphics.cfg)
(/usr/share/texlive/texmf-dist/tex/latex/graphics-def/pdftex.def)))
(/usr/share/texlive/texmf-dist/tex/latex/url/url.sty)
(/usr/share/texlive/texmf-dist/tex/latex/base/inputenc.sty)
(/usr/share/texlive/texmf-dist/tex/generic/babel/babel.sty
(/usr/share/texlive/texmf-dist/tex/generic/babel/txtbabel.def)
(/usr/share/texlive/texmf-dist/tex/generic/babel-portuges/brazil.ldf))
(/usr/share/texlive/texmf-dist/tex/latex/amsmath/amsmath.sty
For additional information on amsmath, use the `?' option.
(/usr/share/texlive/texmf-dist/tex/latex/amsmath/amstext.sty
(/usr/share/texlive/texmf-dist/tex/latex/amsmath/amsgen.sty))
(/usr/share/texlive/texmf-dist/tex/latex/amsmath/amsbsy.sty)
(/usr/share/texlive/texmf-dist/tex/latex/amsmath/amsopn.sty))
(/usr/share/texlive/texmf-dist/tex/latex/algorithms/algorithm.sty
(/usr/share/texlive/texmf-dist/tex/latex/float/float.sty)
(/usr/share/texlive/texmf-dist/tex/latex/base/ifthen.sty))
(/usr/share/texlive/texmf-dist/tex/latex/algorithms/algorithmic.sty)
(/usr/share/texlive/texmf-dist/tex/latex/multirow/multirow.sty)
(/usr/share/texlive/texmf-dist/tex/latex/booktabs/booktabs.sty)
(/usr/share/texlive/texmf-dist/tex/latex/l3backend/l3backend-pdftex.def)
No file relatorio_final.aux.
*geometry* driver: auto-detecting
*geometry* detected driver: pdftex
(/usr/share/texlive/texmf-dist/tex/context/base/mkii/supp-pdf.mkii
[Loading MPS to PDF converter (version 2006.09.02).]
) (/usr/share/texlive/texmf-dist/tex/latex/epstopdf-pkg/epstopdf-base.sty
(/usr/share/texlive/texmf-dist/tex/latex/latexconfig/epstopdf-sys.cfg))
(/usr/share/texlive/texmf-dist/tex/latex/psnfss/t1pcr.fd)
(/usr/share/texlive/texmf-dist/tex/latex/psnfss/ts1ptm.fd)

LaTeX Warning: Citation `ricci2011recommender' on page 1 undefined on input lin
e 38.


LaTeX Warning: Citation `sarwar2001item' on page 1 undefined on input line 40.

[1{/var/lib/texmf/fonts/map/pdftex/updmap/pdftex.map}{/usr/share/texlive/texmf-
dist/fonts/enc/dvips/base/8r.enc}]

LaTeX Warning: Citation `pacheco2011parallel' on page 2 undefined on input line
 42.


LaTeX Warning: Reference `sec:related' on page 2 undefined on input line 58.


LaTeX Warning: Reference `sec:theory' on page 2 undefined on input line 58.


LaTeX Warning: Reference `sec:method' on page 2 undefined on input line 58.


LaTeX Warning: Reference `sec:impl' on page 2 undefined on input line 58.


LaTeX Warning: Reference `sec:results' on page 2 undefined on input line 58.


LaTeX Warning: Reference `sec:discussion' on page 2 undefined on input line 58.



LaTeX Warning: Reference `sec:conclusion' on page 2 undefined on input line 58.



LaTeX Warning: Citation `gemulla2011large' on page 2 undefined on input line 64
.


LaTeX Warning: Citation `zhou2008largescale' on page 2 undefined on input line 
66.


LaTeX Warning: Citation `koren2015advances' on page 2 undefined on input line 6
8.

[2]

LaTeX Warning: Citation `verma2018comparative' on page 3 undefined on input lin
e 70.


LaTeX Warning: Citation `chandra2001parallel' on page 3 undefined on input line
 100.

[3]

LaTeX Warning: Citation `butenhof1997programming' on page 4 undefined on input 
line 111.


LaTeX Warning: Citation `gropp1999using' on page 4 undefined on input line 122.



LaTeX Warning: Citation `amdahl1967validity' on page 4 undefined on input line 
133.


LaTeX Warning: `h' float specifier changed to `ht'.

[4] [5] [6] [7] [8] [9]

LaTeX Warning: Reference `tab:times' on page 10 undefined on input line 451.


Overfull \hbox (34.67812pt too wide) in paragraph at lines 457--469
 [][] 
[10]

LaTeX Warning: Reference `tab:speedup' on page 11 undefined on input line 488.


LaTeX Warning: Reference `fig:speedup' on page 11 undefined on input line 488.


LaTeX Warning: `h' float specifier changed to `ht'.


LaTeX Warning: Reference `tab:efficiency' on page 11 undefined on input line 53
9.


LaTeX Warning: `h' float specifier changed to `ht'.

[11] [12] [13]
Underfull \hbox (badness 1107) in paragraph at lines 654--655
[]\T1/ptm/b/n/12 Otimizações\T1/ptm/m/n/12 : Im-ple-men-ta-ções não ex-plo-ram 
to-das as oti-mi-za-ções pos-sí-veis
[14] [15]
No file relatorio_final.bbl.
[16] (./relatorio_final.aux)

LaTeX Warning: There were undefined references.


LaTeX Warning: Label(s) may have changed. Rerun to get cross-references right.

 )
(see the transcript file for additional information)</usr/share/texlive/texmf-d
ist/fonts/type1/public/amsfonts/cm/cmex10.pfb></usr/share/texlive/texmf-dist/fo
nts/type1/public/amsfonts/cm/cmmi12.pfb></usr/share/texlive/texmf-dist/fonts/ty
pe1/public/amsfonts/cm/cmmi8.pfb></usr/share/texlive/texmf-dist/fonts/type1/pub
lic/amsfonts/cm/cmr12.pfb></usr/share/texlive/texmf-dist/fonts/type1/public/ams
fonts/cm/cmr8.pfb></usr/share/texlive/texmf-dist/fonts/type1/public/amsfonts/cm
/cmsy10.pfb></usr/share/texlive/texmf-dist/fonts/type1/public/amsfonts/cm/cmsy8
.pfb></usr/share/texlive/texmf-dist/fonts/type1/urw/courier/ucrr8a.pfb></usr/sh
are/texlive/texmf-dist/fonts/type1/urw/times/utmb8a.pfb></usr/share/texlive/tex
mf-dist/fonts/type1/urw/times/utmr8a.pfb></usr/share/texlive/texmf-dist/fonts/t
ype1/urw/times/utmri8a.pfb>
Output written on relatorio_final.pdf (16 pages, 162084 bytes).
Transcript written on relatorio_final.log.
This is BibTeX, Version 0.99d (TeX Live 2023/Debian)
The top-level auxiliary file: relatorio_final.aux
I couldn't open style file sbc.bst
---line 2 of file relatorio_final.aux
 : \bibstyle{sbc
 :              }
I'm skipping whatever remains of this command
Illegal, another \bibstyle command---line 79 of file relatorio_final.aux
 : \bibstyle
 :          {sbc}
I'm skipping whatever remains of this command
I found no style file---while reading file relatorio_final.aux
(There were 3 error messages)
This is pdfTeX, Version 3.141592653-2.6-1.40.25 (TeX Live 2023/Debian) (preloaded format=pdflatex)
 restricted \write18 enabled.
entering extended mode
(./relatorio_final.tex
LaTeX2e <2023-11-01> patch level 1
L3 programming layer <2024-01-22>
(/usr/share/texlive/texmf-dist/tex/latex/base/article.cls
Document Class: article 2023/05/17 v1.4n Standard LaTeX document class
(/usr/share/texlive/texmf-dist/tex/latex/base/size12.clo)) (./sbc-template.sty
(/usr/share/texlive/texmf-dist/tex/latex/geometry/geometry.sty
(/usr/share/texlive/texmf-dist/tex/latex/graphics/keyval.sty)
(/usr/share/texlive/texmf-dist/tex/generic/iftex/ifvtex.sty
(/usr/share/texlive/texmf-dist/tex/generic/iftex/iftex.sty)))
(/usr/share/texlive/texmf-dist/tex/latex/psnfss/times.sty)
(/usr/share/texlive/texmf-dist/tex/latex/base/fontenc.sty
(/usr/share/texlive/texmf-dist/tex/latex/psnfss/t1ptm.fd))
(/usr/share/texlive/texmf-dist/tex/latex/cite/cite.sty)
(/usr/share/texlive/texmf-dist/tex/latex/titlesec/titlesec.sty)
(/usr/share/texlive/texmf-dist/tex/latex/caption/caption.sty
(/usr/share/texlive/texmf-dist/tex/latex/caption/caption3.sty)))
(/usr/share/texlive/texmf-dist/tex/latex/graphics/graphicx.sty
(/usr/share/texlive/texmf-dist/tex/latex/graphics/graphics.sty
(/usr/share/texlive/texmf-dist/tex/latex/graphics/trig.sty)
(/usr/share/texlive/texmf-dist/tex/latex/graphics-cfg/graphics.cfg)
(/usr/share/texlive/texmf-dist/tex/latex/graphics-def/pdftex.def)))
(/usr/share/texlive/texmf-dist/tex/latex/url/url.sty)
(/usr/share/texlive/texmf-dist/tex/latex/base/inputenc.sty)
(/usr/share/texlive/texmf-dist/tex/generic/babel/babel.sty
(/usr/share/texlive/texmf-dist/tex/generic/babel/txtbabel.def)
(/usr/share/texlive/texmf-dist/tex/generic/babel-portuges/brazil.ldf))
(/usr/share/texlive/texmf-dist/tex/latex/amsmath/amsmath.sty
For additional information on amsmath, use the `?' option.
(/usr/share/texlive/texmf-dist/tex/latex/amsmath/amstext.sty
(/usr/share/texlive/texmf-dist/tex/latex/amsmath/amsgen.sty))
(/usr/share/texlive/texmf-dist/tex/latex/amsmath/amsbsy.sty)
(/usr/share/texlive/texmf-dist/tex/latex/amsmath/amsopn.sty))
(/usr/share/texlive/texmf-dist/tex/latex/algorithms/algorithm.sty
(/usr/share/texlive/texmf-dist/tex/latex/float/float.sty)
(/usr/share/texlive/texmf-dist/tex/latex/base/ifthen.sty))
(/usr/share/texlive/texmf-dist/tex/latex/algorithms/algorithmic.sty)
(/usr/share/texlive/texmf-dist/tex/latex/multirow/multirow.sty)
(/usr/share/texlive/texmf-dist/tex/latex/booktabs/booktabs.sty)
(/usr/share/texlive/texmf-dist/tex/latex/l3backend/l3backend-pdftex.def)
(./relatorio_final.aux)
*geometry* driver: auto-detecting
*geometry* detected driver: pdftex
(/usr/share/texlive/texmf-dist/tex/context/base/mkii/supp-pdf.mkii
[Loading MPS to PDF converter (version 2006.09.02).]
) (/usr/share/texlive/texmf-dist/tex/latex/epstopdf-pkg/epstopdf-base.sty
(/usr/share/texlive/texmf-dist/tex/latex/latexconfig/epstopdf-sys.cfg))
(/usr/share/texlive/texmf-dist/tex/latex/psnfss/t1pcr.fd)
(/usr/share/texlive/texmf-dist/tex/latex/psnfss/ts1ptm.fd)

LaTeX Warning: Citation `ricci2011recommender' on page 1 undefined on input lin
e 38.


LaTeX Warning: Citation `sarwar2001item' on page 1 undefined on input line 40.

[1{/var/lib/texmf/fonts/map/pdftex/updmap/pdftex.map}{/usr/share/texlive/texmf-
dist/fonts/enc/dvips/base/8r.enc}]

LaTeX Warning: Citation `pacheco2011parallel' on page 2 undefined on input line
 42.


LaTeX Warning: Citation `gemulla2011large' on page 2 undefined on input line 64
.


LaTeX Warning: Citation `zhou2008largescale' on page 2 undefined on input line 
66.


LaTeX Warning: Citation `koren2015advances' on page 2 undefined on input line 6
8.

[2]

LaTeX Warning: Citation `verma2018comparative' on page 3 undefined on input lin
e 70.


LaTeX Warning: Citation `chandra2001parallel' on page 3 undefined on input line
 100.

[3]

LaTeX Warning: Citation `butenhof1997programming' on page 4 undefined on input 
line 111.


LaTeX Warning: Citation `gropp1999using' on page 4 undefined on input line 122.



LaTeX Warning: Citation `amdahl1967validity' on page 4 undefined on input line 
133.


LaTeX Warning: `h' float specifier changed to `ht'.

[4] [5] [6] [7] [8] [9]
Overfull \hbox (34.67812pt too wide) in paragraph at lines 457--469
 [][] 
[10]

LaTeX Warning: `h' float specifier changed to `ht'.


LaTeX Warning: `h' float specifier changed to `ht'.

[11] [12] [13]
Underfull \hbox (badness 1107) in paragraph at lines 654--655
[]\T1/ptm/b/n/12 Otimizações\T1/ptm/m/n/12 : Im-ple-men-ta-ções não ex-plo-ram 
to-das as oti-mi-za-ções pos-sí-veis
[14] [15] (./relatorio_final.bbl) [16] (./relatorio_final.aux)

LaTeX Warning: There were undefined references.

 )
(see the transcript file for additional information)</usr/share/texlive/texmf-d
ist/fonts/type1/public/amsfonts/cm/cmex10.pfb></usr/share/texlive/texmf-dist/fo
nts/type1/public/amsfonts/cm/cmmi12.pfb></usr/share/texlive/texmf-dist/fonts/ty
pe1/public/amsfonts/cm/cmmi8.pfb></usr/share/texlive/texmf-dist/fonts/type1/pub
lic/amsfonts/cm/cmr12.pfb></usr/share/texlive/texmf-dist/fonts/type1/public/ams
fonts/cm/cmr8.pfb></usr/share/texlive/texmf-dist/fonts/type1/public/amsfonts/cm
/cmsy10.pfb></usr/share/texlive/texmf-dist/fonts/type1/public/amsfonts/cm/cmsy8
.pfb></usr/share/texlive/texmf-dist/fonts/type1/urw/courier/ucrr8a.pfb></usr/sh
are/texlive/texmf-dist/fonts/type1/urw/times/utmb8a.pfb></usr/share/texlive/tex
mf-dist/fonts/type1/urw/times/utmr8a.pfb></usr/share/texlive/texmf-dist/fonts/t
ype1/urw/times/utmri8a.pfb>
Output written on relatorio_final.pdf (16 pages, 161970 bytes).
Transcript written on relatorio_final.log.
This is pdfTeX, Version 3.141592653-2.6-1.40.25 (TeX Live 2023/Debian) (preloaded format=pdflatex)
 restricted \write18 enabled.
entering extended mode
(./relatorio_final.tex
LaTeX2e <2023-11-01> patch level 1
L3 programming layer <2024-01-22>
(/usr/share/texlive/texmf-dist/tex/latex/base/article.cls
Document Class: article 2023/05/17 v1.4n Standard LaTeX document class
(/usr/share/texlive/texmf-dist/tex/latex/base/size12.clo)) (./sbc-template.sty
(/usr/share/texlive/texmf-dist/tex/latex/geometry/geometry.sty
(/usr/share/texlive/texmf-dist/tex/latex/graphics/keyval.sty)
(/usr/share/texlive/texmf-dist/tex/generic/iftex/ifvtex.sty
(/usr/share/texlive/texmf-dist/tex/generic/iftex/iftex.sty)))
(/usr/share/texlive/texmf-dist/tex/latex/psnfss/times.sty)
(/usr/share/texlive/texmf-dist/tex/latex/base/fontenc.sty
(/usr/share/texlive/texmf-dist/tex/latex/psnfss/t1ptm.fd))
(/usr/share/texlive/texmf-dist/tex/latex/cite/cite.sty)
(/usr/share/texlive/texmf-dist/tex/latex/titlesec/titlesec.sty)
(/usr/share/texlive/texmf-dist/tex/latex/caption/caption.sty
(/usr/share/texlive/texmf-dist/tex/latex/caption/caption3.sty)))
(/usr/share/texlive/texmf-dist/tex/latex/graphics/graphicx.sty
(/usr/share/texlive/texmf-dist/tex/latex/graphics/graphics.sty
(/usr/share/texlive/texmf-dist/tex/latex/graphics/trig.sty)
(/usr/share/texlive/texmf-dist/tex/latex/graphics-cfg/graphics.cfg)
(/usr/share/texlive/texmf-dist/tex/latex/graphics-def/pdftex.def)))
(/usr/share/texlive/texmf-dist/tex/latex/url/url.sty)
(/usr/share/texlive/texmf-dist/tex/latex/base/inputenc.sty)
(/usr/share/texlive/texmf-dist/tex/generic/babel/babel.sty
(/usr/share/texlive/texmf-dist/tex/generic/babel/txtbabel.def)
(/usr/share/texlive/texmf-dist/tex/generic/babel-portuges/brazil.ldf))
(/usr/share/texlive/texmf-dist/tex/latex/amsmath/amsmath.sty
For additional information on amsmath, use the `?' option.
(/usr/share/texlive/texmf-dist/tex/latex/amsmath/amstext.sty
(/usr/share/texlive/texmf-dist/tex/latex/amsmath/amsgen.sty))
(/usr/share/texlive/texmf-dist/tex/latex/amsmath/amsbsy.sty)
(/usr/share/texlive/texmf-dist/tex/latex/amsmath/amsopn.sty))
(/usr/share/texlive/texmf-dist/tex/latex/algorithms/algorithm.sty
(/usr/share/texlive/texmf-dist/tex/latex/float/float.sty)
(/usr/share/texlive/texmf-dist/tex/latex/base/ifthen.sty))
(/usr/share/texlive/texmf-dist/tex/latex/algorithms/algorithmic.sty)
(/usr/share/texlive/texmf-dist/tex/latex/multirow/multirow.sty)
(/usr/share/texlive/texmf-dist/tex/latex/booktabs/booktabs.sty)
(/usr/share/texlive/texmf-dist/tex/latex/l3backend/l3backend-pdftex.def)
(./relatorio_final.aux)
*geometry* driver: auto-detecting
*geometry* detected driver: pdftex
(/usr/share/texlive/texmf-dist/tex/context/base/mkii/supp-pdf.mkii
[Loading MPS to PDF converter (version 2006.09.02).]
) (/usr/share/texlive/texmf-dist/tex/latex/epstopdf-pkg/epstopdf-base.sty
(/usr/share/texlive/texmf-dist/tex/latex/latexconfig/epstopdf-sys.cfg))
(/usr/share/texlive/texmf-dist/tex/latex/psnfss/t1pcr.fd)
(/usr/share/texlive/texmf-dist/tex/latex/psnfss/ts1ptm.fd)

LaTeX Warning: Citation `ricci2011recommender' on page 1 undefined on input lin
e 38.


LaTeX Warning: Citation `sarwar2001item' on page 1 undefined on input line 40.

[1{/var/lib/texmf/fonts/map/pdftex/updmap/pdftex.map}{/usr/share/texlive/texmf-
dist/fonts/enc/dvips/base/8r.enc}]

LaTeX Warning: Citation `pacheco2011parallel' on page 2 undefined on input line
 42.


LaTeX Warning: Citation `gemulla2011large' on page 2 undefined on input line 64
.


LaTeX Warning: Citation `zhou2008largescale' on page 2 undefined on input line 
66.


LaTeX Warning: Citation `koren2015advances' on page 2 undefined on input line 6
8.

[2]

LaTeX Warning: Citation `verma2018comparative' on page 3 undefined on input lin
e 70.


LaTeX Warning: Citation `chandra2001parallel' on page 3 undefined on input line
 100.

[3]

LaTeX Warning: Citation `butenhof1997programming' on page 4 undefined on input 
line 111.


LaTeX Warning: Citation `gropp1999using' on page 4 undefined on input line 122.



LaTeX Warning: Citation `amdahl1967validity' on page 4 undefined on input line 
133.


LaTeX Warning: `h' float specifier changed to `ht'.

[4] [5] [6] [7] [8] [9]
Overfull \hbox (34.67812pt too wide) in paragraph at lines 457--469
 [][] 
[10]

LaTeX Warning: `h' float specifier changed to `ht'.


LaTeX Warning: `h' float specifier changed to `ht'.

[11] [12] [13]
Underfull \hbox (badness 1107) in paragraph at lines 654--655
[]\T1/ptm/b/n/12 Otimizações\T1/ptm/m/n/12 : Im-ple-men-ta-ções não ex-plo-ram 
to-das as oti-mi-za-ções pos-sí-veis
[14] [15] (./relatorio_final.bbl) [16] (./relatorio_final.aux)

LaTeX Warning: There were undefined references.

 )
(see the transcript file for additional information)</usr/share/texlive/texmf-d
ist/fonts/type1/public/amsfonts/cm/cmex10.pfb></usr/share/texlive/texmf-dist/fo
nts/type1/public/amsfonts/cm/cmmi12.pfb></usr/share/texlive/texmf-dist/fonts/ty
pe1/public/amsfonts/cm/cmmi8.pfb></usr/share/texlive/texmf-dist/fonts/type1/pub
lic/amsfonts/cm/cmr12.pfb></usr/share/texlive/texmf-dist/fonts/type1/public/ams
fonts/cm/cmr8.pfb></usr/share/texlive/texmf-dist/fonts/type1/public/amsfonts/cm
/cmsy10.pfb></usr/share/texlive/texmf-dist/fonts/type1/public/amsfonts/cm/cmsy8
.pfb></usr/share/texlive/texmf-dist/fonts/type1/urw/courier/ucrr8a.pfb></usr/sh
are/texlive/texmf-dist/fonts/type1/urw/times/utmb8a.pfb></usr/share/texlive/tex
mf-dist/fonts/type1/urw/times/utmr8a.pfb></usr/share/texlive/texmf-dist/fonts/t
ype1/urw/times/utmri8a.pfb>
Output written on relatorio_final.pdf (16 pages, 161970 bytes).
Transcript written on relatorio_final.log.
